This is pdfTeX, Version 3.14159265-2.6-1.40.20 (TeX Live 2019) (preloaded format=pdflatex 2019.5.8)  18 DEC 2019 13:46
entering extended mode
 restricted \write18 enabled.
 file:line:error style messages enabled.
 %&-line parsing enabled.
**report.tex
(./report.tex
LaTeX2e <2018-12-01>
(/usr/local/texlive/2019/texmf-dist/tex/latex/base/article.cls
Document Class: article 2018/09/03 v1.4i Standard LaTeX document class
(/usr/local/texlive/2019/texmf-dist/tex/latex/base/size10.clo
File: size10.clo 2018/09/03 v1.4i Standard LaTeX file (size option)
)
\c@part=\count80
\c@section=\count81
\c@subsection=\count82
\c@subsubsection=\count83
\c@paragraph=\count84
\c@subparagraph=\count85
\c@figure=\count86
\c@table=\count87
\abovecaptionskip=\skip41
\belowcaptionskip=\skip42
\bibindent=\dimen102
) (./iccv.sty
(./eso-pic.sty
Package: eso-pic 2002/11/16 v1.1b eso-pic (RN)
 (./iccv_eso.sty

LaTeX Warning: You have requested package `eso-pic',
               but the package provides `everyshi'.

Package: everyshi 2001/05/15 v3.00 EveryShipout Package (MS)
) (/usr/local/texlive/2019/texmf-dist/tex/latex/graphics/keyval.sty
Package: keyval 2014/10/28 v1.15 key=value parser (DPC)
\KV@toks@=\toks14
))
(/usr/local/texlive/2019/texmf-dist/tex/latex/tools/xspace.sty
Package: xspace 2014/10/28 v1.13 Space after command names (DPC,MH)
)
ICCV 8.5 x 11-Inch Proceedings Style `iccv.sty'.
\@ctmp=\skip43
\@figindent=\skip44
\iccvrulerbox=\box27
\iccvrulercount=\count88
\iccvruleroffset=\dimen103
\cv@lineheight=\dimen104
\cv@boxheight=\dimen105
\cv@tmpbox=\box28
\cv@refno=\count89
\cv@tot=\count90
\cv@tmpc@=\count91
\cv@tmpc=\count92
\iccvtmppos=\dimen106
) (/usr/local/texlive/2019/texmf-dist/tex/latex/psnfss/times.sty
Package: times 2005/04/12 PSNFSS-v9.2a (SPQR) 
)
(/usr/local/texlive/2019/texmf-dist/tex/latex/graphics/epsfig.sty
Package: epsfig 2017/06/25 v1.7b (e)psfig emulation (SPQR)

(/usr/local/texlive/2019/texmf-dist/tex/latex/graphics/graphicx.sty
Package: graphicx 2017/06/01 v1.1a Enhanced LaTeX Graphics (DPC,SPQR)

(/usr/local/texlive/2019/texmf-dist/tex/latex/graphics/graphics.sty
Package: graphics 2017/06/25 v1.2c Standard LaTeX Graphics (DPC,SPQR)

(/usr/local/texlive/2019/texmf-dist/tex/latex/graphics/trig.sty
Package: trig 2016/01/03 v1.10 sin cos tan (DPC)
)
(/usr/local/texlive/2019/texmf-dist/tex/latex/graphics-cfg/graphics.cfg
File: graphics.cfg 2016/06/04 v1.11 sample graphics configuration
)
Package graphics Info: Driver file: pdftex.def on input line 99.

(/usr/local/texlive/2019/texmf-dist/tex/latex/graphics-def/pdftex.def
File: pdftex.def 2018/01/08 v1.0l Graphics/color driver for pdftex
))
\Gin@req@height=\dimen107
\Gin@req@width=\dimen108
)
\epsfxsize=\dimen109
\epsfysize=\dimen110
)
(/usr/local/texlive/2019/texmf-dist/tex/latex/amsmath/amsmath.sty
Package: amsmath 2018/12/01 v2.17b AMS math features
\@mathmargin=\skip45

For additional information on amsmath, use the `?' option.
(/usr/local/texlive/2019/texmf-dist/tex/latex/amsmath/amstext.sty
Package: amstext 2000/06/29 v2.01 AMS text

(/usr/local/texlive/2019/texmf-dist/tex/latex/amsmath/amsgen.sty
File: amsgen.sty 1999/11/30 v2.0 generic functions
\@emptytoks=\toks15
\ex@=\dimen111
))
(/usr/local/texlive/2019/texmf-dist/tex/latex/amsmath/amsbsy.sty
Package: amsbsy 1999/11/29 v1.2d Bold Symbols
\pmbraise@=\dimen112
)
(/usr/local/texlive/2019/texmf-dist/tex/latex/amsmath/amsopn.sty
Package: amsopn 2016/03/08 v2.02 operator names
)
\inf@bad=\count93
LaTeX Info: Redefining \frac on input line 223.
\uproot@=\count94
\leftroot@=\count95
LaTeX Info: Redefining \overline on input line 385.
\classnum@=\count96
\DOTSCASE@=\count97
LaTeX Info: Redefining \ldots on input line 482.
LaTeX Info: Redefining \dots on input line 485.
LaTeX Info: Redefining \cdots on input line 606.
\Mathstrutbox@=\box29
\strutbox@=\box30
\big@size=\dimen113
LaTeX Font Info:    Redeclaring font encoding OML on input line 729.
LaTeX Font Info:    Redeclaring font encoding OMS on input line 730.
\macc@depth=\count98
\c@MaxMatrixCols=\count99
\dotsspace@=\muskip10
\c@parentequation=\count100
\dspbrk@lvl=\count101
\tag@help=\toks16
\row@=\count102
\column@=\count103
\maxfields@=\count104
\andhelp@=\toks17
\eqnshift@=\dimen114
\alignsep@=\dimen115
\tagshift@=\dimen116
\tagwidth@=\dimen117
\totwidth@=\dimen118
\lineht@=\dimen119
\@envbody=\toks18
\multlinegap=\skip46
\multlinetaggap=\skip47
\mathdisplay@stack=\toks19
LaTeX Info: Redefining \[ on input line 2844.
LaTeX Info: Redefining \] on input line 2845.
)
(/usr/local/texlive/2019/texmf-dist/tex/latex/amsfonts/amssymb.sty
Package: amssymb 2013/01/14 v3.01 AMS font symbols

(/usr/local/texlive/2019/texmf-dist/tex/latex/amsfonts/amsfonts.sty
Package: amsfonts 2013/01/14 v3.01 Basic AMSFonts support
\symAMSa=\mathgroup4
\symAMSb=\mathgroup5
LaTeX Font Info:    Overwriting math alphabet `\mathfrak' in version `bold'
(Font)                  U/euf/m/n --> U/euf/b/n on input line 106.
))
(/usr/local/texlive/2019/texmf-dist/tex/latex/comment/comment.sty
\CommentStream=\write3

Excluding comment 'comment')
(/usr/local/texlive/2019/texmf-dist/tex/latex/subfig/subfig.sty
Package: subfig 2005/06/28 ver: 1.3 subfig package

(/usr/local/texlive/2019/texmf-dist/tex/latex/caption/caption.sty
Package: caption 2018/10/06 v3.3-154 Customizing captions (AR)

(/usr/local/texlive/2019/texmf-dist/tex/latex/caption/caption3.sty
Package: caption3 2018/09/12 v1.8c caption3 kernel (AR)
Package caption3 Info: TeX engine: e-TeX on input line 64.
\captionmargin=\dimen120
\captionmargin@=\dimen121
\captionwidth=\dimen122
\caption@tempdima=\dimen123
\caption@indent=\dimen124
\caption@parindent=\dimen125
\caption@hangindent=\dimen126
Package caption Info: Unknown document class (or package),
(caption)             standard defaults will be used.
)

Package caption Warning: Unsupported document class (or package) detected,
(caption)                usage of the caption package is not recommended.
See the caption package documentation for explanation.

Package caption Info: \@makecaption = \long macro:#1#2-> \setbox \@tempboxa \hb
ox {\small \noindent #1.~#2} \setlength {\@ctmp }{\hsize } \addtolength {\@ctmp
 }{-\@figindent }\addtolength {\@ctmp }{-\@figindent } \ifdim \wd \@tempboxa >\
@ctmp {\small #1.~#2\par } \else \hbox to\hsize {\hfil \box \@tempboxa \hfil } 
\fi .
\c@caption@flags=\count105
\c@ContinuedFloat=\count106
)
\c@KVtest=\count107
\sf@farskip=\skip48
\sf@captopadj=\dimen127
\sf@capskip=\skip49
\sf@nearskip=\skip50
\c@subfigure=\count108
\c@subfigure@save=\count109
\c@lofdepth=\count110
\c@subtable=\count111
\c@subtable@save=\count112
\c@lotdepth=\count113
\sf@top=\skip51
\sf@bottom=\skip52
) (/usr/local/texlive/2019/texmf-dist/tex/latex/hyperref/hyperref.sty
Package: hyperref 2018/11/30 v6.88e Hypertext links for LaTeX

(/usr/local/texlive/2019/texmf-dist/tex/generic/oberdiek/hobsub-hyperref.sty
Package: hobsub-hyperref 2016/05/16 v1.14 Bundle oberdiek, subset hyperref (HO)


(/usr/local/texlive/2019/texmf-dist/tex/generic/oberdiek/hobsub-generic.sty
Package: hobsub-generic 2016/05/16 v1.14 Bundle oberdiek, subset generic (HO)
Package: hobsub 2016/05/16 v1.14 Construct package bundles (HO)
Package: infwarerr 2016/05/16 v1.4 Providing info/warning/error messages (HO)
Package: ltxcmds 2016/05/16 v1.23 LaTeX kernel commands for general use (HO)
Package: ifluatex 2016/05/16 v1.4 Provides the ifluatex switch (HO)
Package ifluatex Info: LuaTeX not detected.
Package: ifvtex 2016/05/16 v1.6 Detect VTeX and its facilities (HO)
Package ifvtex Info: VTeX not detected.
Package: intcalc 2016/05/16 v1.2 Expandable calculations with integers (HO)
Package: ifpdf 2018/09/07 v3.3 Provides the ifpdf switch
Package: etexcmds 2016/05/16 v1.6 Avoid name clashes with e-TeX commands (HO)
Package: kvsetkeys 2016/05/16 v1.17 Key value parser (HO)
Package: kvdefinekeys 2016/05/16 v1.4 Define keys (HO)
Package: pdftexcmds 2018/09/10 v0.29 Utility functions of pdfTeX for LuaTeX (HO
)
Package pdftexcmds Info: LuaTeX not detected.
Package pdftexcmds Info: \pdf@primitive is available.
Package pdftexcmds Info: \pdf@ifprimitive is available.
Package pdftexcmds Info: \pdfdraftmode found.
Package: pdfescape 2016/05/16 v1.14 Implements pdfTeX's escape features (HO)
Package: bigintcalc 2016/05/16 v1.4 Expandable calculations on big integers (HO
)
Package: bitset 2016/05/16 v1.2 Handle bit-vector datatype (HO)
Package: uniquecounter 2016/05/16 v1.3 Provide unlimited unique counter (HO)
)
Package hobsub Info: Skipping package `hobsub' (already loaded).
Package: letltxmacro 2016/05/16 v1.5 Let assignment for LaTeX macros (HO)
Package: hopatch 2016/05/16 v1.3 Wrapper for package hooks (HO)
Package: xcolor-patch 2016/05/16 xcolor patch
Package: atveryend 2016/05/16 v1.9 Hooks at the very end of document (HO)
Package atveryend Info: \enddocument detected (standard20110627).
Package: atbegshi 2016/06/09 v1.18 At begin shipout hook (HO)
Package: refcount 2016/05/16 v3.5 Data extraction from label references (HO)
Package: hycolor 2016/05/16 v1.8 Color options for hyperref/bookmark (HO)
)
(/usr/local/texlive/2019/texmf-dist/tex/generic/ifxetex/ifxetex.sty
Package: ifxetex 2010/09/12 v0.6 Provides ifxetex conditional
)
(/usr/local/texlive/2019/texmf-dist/tex/latex/oberdiek/auxhook.sty
Package: auxhook 2016/05/16 v1.4 Hooks for auxiliary files (HO)
)
(/usr/local/texlive/2019/texmf-dist/tex/latex/oberdiek/kvoptions.sty
Package: kvoptions 2016/05/16 v3.12 Key value format for package options (HO)
)
\@linkdim=\dimen128
\Hy@linkcounter=\count114
\Hy@pagecounter=\count115

(/usr/local/texlive/2019/texmf-dist/tex/latex/hyperref/pd1enc.def
File: pd1enc.def 2018/11/30 v6.88e Hyperref: PDFDocEncoding definition (HO)
Now handling font encoding PD1 ...
... no UTF-8 mapping file for font encoding PD1
)
\Hy@SavedSpaceFactor=\count116

(/usr/local/texlive/2019/texmf-dist/tex/latex/latexconfig/hyperref.cfg
File: hyperref.cfg 2002/06/06 v1.2 hyperref configuration of TeXLive
)
Package hyperref Info: Option `breaklinks' set `true' on input line 4393.
Package hyperref Info: Option `bookmarks' set `false' on input line 4393.
Package hyperref Info: Hyper figures OFF on input line 4519.
Package hyperref Info: Link nesting OFF on input line 4524.
Package hyperref Info: Hyper index ON on input line 4527.
Package hyperref Info: Plain pages OFF on input line 4534.
Package hyperref Info: Backreferencing OFF on input line 4539.
Package hyperref Info: Implicit mode ON; LaTeX internals redefined.
Package hyperref Info: Bookmarks OFF on input line 4778.
\c@Hy@tempcnt=\count117

(/usr/local/texlive/2019/texmf-dist/tex/latex/url/url.sty
\Urlmuskip=\muskip11
Package: url 2013/09/16  ver 3.4  Verb mode for urls, etc.
)
LaTeX Info: Redefining \url on input line 5125.
\XeTeXLinkMargin=\dimen129
\Fld@menulength=\count118
\Field@Width=\dimen130
\Fld@charsize=\dimen131
Package hyperref Info: Hyper figures OFF on input line 6380.
Package hyperref Info: Link nesting OFF on input line 6385.
Package hyperref Info: Hyper index ON on input line 6388.
Package hyperref Info: backreferencing OFF on input line 6395.
Package hyperref Info: Link coloring OFF on input line 6400.
Package hyperref Info: Link coloring with OCG OFF on input line 6405.
Package hyperref Info: PDF/A mode OFF on input line 6410.
LaTeX Info: Redefining \ref on input line 6450.
LaTeX Info: Redefining \pageref on input line 6454.
\Hy@abspage=\count119
\c@Item=\count120
\c@Hfootnote=\count121
)
Package hyperref Info: Driver (autodetected): hpdftex.

(/usr/local/texlive/2019/texmf-dist/tex/latex/hyperref/hpdftex.def
File: hpdftex.def 2018/11/30 v6.88e Hyperref driver for pdfTeX
\Fld@listcount=\count122
\c@bookmark@seq@number=\count123

(/usr/local/texlive/2019/texmf-dist/tex/latex/oberdiek/rerunfilecheck.sty
Package: rerunfilecheck 2016/05/16 v1.8 Rerun checks for auxiliary files (HO)
Package uniquecounter Info: New unique counter `rerunfilecheck' on input line 2
82.
)
\Hy@SectionHShift=\skip53
)
(./report.aux

LaTeX Warning: Label `fig:example_frame_train' multiply defined.

)
\openout1 = `report.aux'.

LaTeX Font Info:    Checking defaults for OML/cmm/m/it on input line 28.
LaTeX Font Info:    ... okay on input line 28.
LaTeX Font Info:    Checking defaults for T1/cmr/m/n on input line 28.
LaTeX Font Info:    ... okay on input line 28.
LaTeX Font Info:    Checking defaults for OT1/cmr/m/n on input line 28.
LaTeX Font Info:    ... okay on input line 28.
LaTeX Font Info:    Checking defaults for OMS/cmsy/m/n on input line 28.
LaTeX Font Info:    ... okay on input line 28.
LaTeX Font Info:    Checking defaults for OMX/cmex/m/n on input line 28.
LaTeX Font Info:    ... okay on input line 28.
LaTeX Font Info:    Checking defaults for U/cmr/m/n on input line 28.
LaTeX Font Info:    ... okay on input line 28.
LaTeX Font Info:    Checking defaults for PD1/pdf/m/n on input line 28.
LaTeX Font Info:    ... okay on input line 28.
LaTeX Font Info:    Try loading font information for OT1+ptm on input line 28.
 (/usr/local/texlive/2019/texmf-dist/tex/latex/psnfss/ot1ptm.fd
File: ot1ptm.fd 2001/06/04 font definitions for OT1/ptm.
)
ABD: EveryShipout initializing macros
(/usr/local/texlive/2019/texmf-dist/tex/latex/graphics/color.sty
Package: color 2016/07/10 v1.1e Standard LaTeX Color (DPC)

(/usr/local/texlive/2019/texmf-dist/tex/latex/graphics-cfg/color.cfg
File: color.cfg 2016/01/02 v1.6 sample color configuration
)
Package color Info: Driver file: pdftex.def on input line 147.
)
(/usr/local/texlive/2019/texmf-dist/tex/context/base/mkii/supp-pdf.mkii
[Loading MPS to PDF converter (version 2006.09.02).]
\scratchcounter=\count124
\scratchdimen=\dimen132
\scratchbox=\box31
\nofMPsegments=\count125
\nofMParguments=\count126
\everyMPshowfont=\toks20
\MPscratchCnt=\count127
\MPscratchDim=\dimen133
\MPnumerator=\count128
\makeMPintoPDFobject=\count129
\everyMPtoPDFconversion=\toks21
) (/usr/local/texlive/2019/texmf-dist/tex/latex/oberdiek/epstopdf-base.sty
Package: epstopdf-base 2016/05/15 v2.6 Base part for package epstopdf

(/usr/local/texlive/2019/texmf-dist/tex/latex/oberdiek/grfext.sty
Package: grfext 2016/05/16 v1.2 Manage graphics extensions (HO)
)
Package epstopdf-base Info: Redefining graphics rule for `.eps' on input line 4
38.
Package grfext Info: Graphics extension search list:
(grfext)             [.pdf,.png,.jpg,.mps,.jpeg,.jbig2,.jb2,.PDF,.PNG,.JPG,.JPE
G,.JBIG2,.JB2,.eps]
(grfext)             \AppendGraphicsExtensions on input line 456.

(/usr/local/texlive/2019/texmf-dist/tex/latex/latexconfig/epstopdf-sys.cfg
File: epstopdf-sys.cfg 2010/07/13 v1.3 Configuration of (r)epstopdf for TeX Liv
e
))
Package caption Info: Begin \AtBeginDocument code.
Package caption Info: subfig package v1.3 is loaded.
Package caption Info: hyperref package is loaded.
Package caption Info: End \AtBeginDocument code.
\AtBeginShipoutBox=\box32
Package atbegshi Info: Package `everyshi' patched.
Package hyperref Info: Link coloring OFF on input line 28.

(/usr/local/texlive/2019/texmf-dist/tex/latex/hyperref/nameref.sty
Package: nameref 2016/05/21 v2.44 Cross-referencing by name of section

(/usr/local/texlive/2019/texmf-dist/tex/generic/oberdiek/gettitlestring.sty
Package: gettitlestring 2016/05/16 v1.5 Cleanup title references (HO)
)
\c@section@level=\count130
)
LaTeX Info: Redefining \ref on input line 28.
LaTeX Info: Redefining \pageref on input line 28.
LaTeX Info: Redefining \nameref on input line 28.
LaTeX Font Info:    Font shape `OT1/ptm/bx/n' in size <14.4> not available
(Font)              Font shape `OT1/ptm/b/n' tried instead on input line 44.
LaTeX Font Info:    Try loading font information for U+msa on input line 44.

(/usr/local/texlive/2019/texmf-dist/tex/latex/amsfonts/umsa.fd
File: umsa.fd 2013/01/14 v3.01 AMS symbols A
)
LaTeX Font Info:    Try loading font information for U+msb on input line 44.

(/usr/local/texlive/2019/texmf-dist/tex/latex/amsfonts/umsb.fd
File: umsb.fd 2013/01/14 v3.01 AMS symbols B
)
LaTeX Font Info:    Try loading font information for OT1+pcr on input line 44.

(/usr/local/texlive/2019/texmf-dist/tex/latex/psnfss/ot1pcr.fd
File: ot1pcr.fd 2001/06/04 font definitions for OT1/pcr.
)
LaTeX Font Info:    Font shape `OT1/ptm/bx/n' in size <12> not available
(Font)              Font shape `OT1/ptm/b/n' tried instead on input line 47.

Underfull \hbox (badness 3907) in paragraph at lines 63--67
\OT1/ptm/m/n/10 Gen-er-ally, there are two pop-u-lar types of track-ers:
 []


Underfull \hbox (badness 3690) in paragraph at lines 68--70
\OT1/ptm/m/n/10 detection-free ap-proaches for track-ing pedes-tri-ans; a
 []

[1{/usr/local/texlive/2019/texmf-var/fonts/map/pdftex/updmap/pdftex.map}


]
LaTeX Font Info:    Try loading font information for OMS+ptm on input line 104.


(/usr/local/texlive/2019/texmf-dist/tex/latex/psnfss/omsptm.fd
File: omsptm.fd 
)
LaTeX Font Info:    Font shape `OMS/ptm/m/n' in size <10> not available
(Font)              Font shape `OMS/cmsy/m/n' tried instead on input line 104.

Underfull \hbox (badness 3260) in paragraph at lines 125--126
\OT1/ptm/m/n/10 The Ex-po-nen-tial Mov-ing Av-er-age is cal-cu-lated with
 []

LaTeX Font Info:    Font shape `OT1/ptm/bx/n' in size <10> not available
(Font)              Font shape `OT1/ptm/b/n' tried instead on input line 142.
[2] (./train_data_desc_table.tex
Overfull \hbox (18.94055pt too wide) in paragraph at lines 3--24
 [] 
 []

)
Underfull \hbox (badness 1199) in paragraph at lines 201--206
[]\OT1/ptm/b/n/10 The edge weights. \OT1/ptm/m/n/10 We in-ter-pret the edge wei
ght
 []

[3]
Underfull \hbox (badness 1014) in paragraph at lines 239--240
\OT1/pcr/m/n/10 motchallenge . net / data / 2D _ MOT _ 2015/$[]\OT1/ptm/m/n/10 
. This
 []

<../eval/2DMOT2015/train/Venice-2/det/000001-acf.jpg, id=128, 1927.2pt x 1084.0
5pt>
File: ../eval/2DMOT2015/train/Venice-2/det/000001-acf.jpg Graphic file (type jp
g)
<use ../eval/2DMOT2015/train/Venice-2/det/000001-acf.jpg>
Package pdftex.def Info: ../eval/2DMOT2015/train/Venice-2/det/000001-acf.jpg  u
sed on input line 244.
(pdftex.def)             Requested size: 142.26378pt x 80.01003pt.
<../eval/2DMOT2015/train/TUD-Stadtmitte/det/000001-acf.jpg, id=129, 642.4pt x 4
81.8pt>
File: ../eval/2DMOT2015/train/TUD-Stadtmitte/det/000001-acf.jpg Graphic file (t
ype jpg)
<use ../eval/2DMOT2015/train/TUD-Stadtmitte/det/000001-acf.jpg>
Package pdftex.def Info: ../eval/2DMOT2015/train/TUD-Stadtmitte/det/000001-acf.
jpg  used on input line 246.
(pdftex.def)             Requested size: 142.26378pt x 106.69473pt.
[4]
<figs/CLEARMOT_illustration.png, id=143, 501.875pt x 189.70876pt>
File: figs/CLEARMOT_illustration.png Graphic file (type png)
<use figs/CLEARMOT_illustration.png>
Package pdftex.def Info: figs/CLEARMOT_illustration.png  used on input line 255
.
(pdftex.def)             Requested size: 237.13594pt x 89.63785pt.

Overfull \hbox (2.5pt too wide) in paragraph at lines 255--256
 [][] 
 []


Underfull \hbox (badness 1205) in paragraph at lines 261--262
[]\OT1/ptm/m/n/10 We used the py-motmetrics li-brary [[]], a pop-u-lar
 []


Underfull \vbox (badness 1231) has occurred while \output is active []


Underfull \hbox (badness 2158) in paragraph at lines 263--266
\OT1/ptm/m/n/10 proved es-pe-cially help-ful in de-bug-ging. This demo
 []

[5 <../eval/2DMOT2015/train/Venice-2/det/000001-acf.jpg> <../eval/2DMOT2015/tra
in/TUD-Stadtmitte/det/000001-acf.jpg> <./figs/CLEARMOT_illustration.png>]
Underfull \hbox (badness 5008) in paragraph at lines 305--308
[]\OT1/ptm/b/n/10 The Kalman Fil-ter \OT1/ptm/m/n/10 We could not find a suit-
 []


Underfull \hbox (badness 2165) in paragraph at lines 305--308
\OT1/ptm/m/n/10 able im-ple-men-ta-tion of a Kalman Fil-ter, and so we
 []


Underfull \hbox (badness 7613) in paragraph at lines 305--308
\OT1/ptm/m/n/10 opted to write a Kalman Fil-ter li-brary our-selves,
 []


Underfull \hbox (badness 4940) in paragraph at lines 305--308
\OT1/ptm/m/n/10 from scratch. This im-ple-men-ta-tion can be found
 []


Underfull \hbox (badness 3746) in paragraph at lines 305--308
\OT1/ptm/m/n/10 here: []$\OT1/pcr/m/n/10 https : / / gist . github . com / juli
anoks /
 []


Underfull \hbox (badness 1048) in paragraph at lines 309--314
\OT1/ptm/m/n/10 700 lines of mod-ern JavaScript (ES6) code. An en-
 []


Underfull \hbox (badness 7759) in paragraph at lines 309--314
\OT1/ptm/m/n/10 which ex-poses a "track" class which is used to
 []


Underfull \hbox (badness 5504) in paragraph at lines 309--314
\OT1/ptm/m/n/10 track (and vi-su-al-ize re-sults) from a we-b-cam feed.
 []


Underfull \hbox (badness 1184) in paragraph at lines 309--314
\OT1/ptm/m/n/10 This makes ex-ten-sive use of the "tracker" class from
 []

[6]
Overfull \hbox (55.14375pt too wide) in paragraph at lines 450--450
[]                \OT1/pcr/m/n/10 IDF1   IDP    IDR   Rcll  Prcn  GT  MT PT ML 
   FP   FN IDs  FM   MOTA  MOTP[] 
 []


Overfull \hbox (55.14375pt too wide) in paragraph at lines 450--450
[]\OT1/pcr/m/n/10 TUD-Stadtmitte 85.6% 95.0%  77.9%  80.9% 98.7%  10   7  3  0 
   12  221   4   4  79.5% 0.703[] 
 []


Overfull \hbox (55.14375pt too wide) in paragraph at lines 450--450
[]\OT1/pcr/m/n/10 ETH-Bahnhof    64.9% 52.2%  86.0%  99.0% 60.0% 223 214  7  2 
 5057   78  84   3  32.0% 0.884[] 
 []


Overfull \hbox (55.14375pt too wide) in paragraph at lines 450--450
[]\OT1/pcr/m/n/10 TUD-Campus     86.7% 76.5% 100.0% 100.0% 76.5%   8   8  0  0 
  110    0   4   0  68.2% 0.773[] 
 []


Overfull \hbox (55.14375pt too wide) in paragraph at lines 450--450
[]\OT1/pcr/m/n/10 ETH-Sunnyday   65.1% 52.4%  86.0%  99.7% 60.7%  30  30  0  0 
 1227    5  18   0  34.2% 0.849[] 
 []


Overfull \hbox (55.14375pt too wide) in paragraph at lines 450--450
[]\OT1/pcr/m/n/10 ADL-Rundle-8   64.2% 55.7%  75.7%  99.3% 73.1%  28  28  0  0 
 2481   50  52   2  61.9% 0.937[] 
 []


Overfull \hbox (55.14375pt too wide) in paragraph at lines 450--450
[]\OT1/pcr/m/n/10 KITTI-17       67.2% 57.9%  80.1%  83.6% 60.4%   9   5  4  0 
  428  128   5   0  28.3% 0.858[] 
 []


Overfull \hbox (55.14375pt too wide) in paragraph at lines 450--450
[]\OT1/pcr/m/n/10 ETH-Pedcross2  72.7% 78.2%  68.0%  80.2% 92.2% 151  92 30 29 
  460 1336  81  49  72.2% 0.810[] 
 []


Overfull \hbox (55.14375pt too wide) in paragraph at lines 450--450
[]\OT1/pcr/m/n/10 KITTI-13       47.6% 32.6%  87.9%  97.8% 36.3%  42  41  1  0 
 1596   20  22   3  76.3% 0.939[] 
 []


Overfull \hbox (55.14375pt too wide) in paragraph at lines 450--450
[]\OT1/pcr/m/n/10 ADL-Rundle-6   75.3% 81.4%  70.0%  84.4% 98.1%  24  16  8  0 
   80  783  30  24  82.2% 0.861[] 
 []


Overfull \hbox (55.14375pt too wide) in paragraph at lines 450--450
[]\OT1/pcr/m/n/10 Venice-2       73.9% 67.5%  81.5%  99.5% 82.3%  26  26  0  0 
 1525   39  38   3  77.6% 0.925[] 
 []


Overfull \hbox (55.14375pt too wide) in paragraph at lines 450--450
[]\OT1/pcr/m/n/10 PETS09-S2L1    55.9% 45.8%  71.6% 100.0% 64.0%  19  19  0  0 
 2618    0  60   0  42.4% 0.784[] 
 []


Overfull \hbox (55.14375pt too wide) in paragraph at lines 450--450
[]\OT1/pcr/m/n/10 OVERALL        67.2% 59.4%  77.3%  93.8% 72.2% 570 486 53 31 
15594 2660 398  88  56.8% 0.870[] 
 []


LaTeX Warning: `h' float specifier changed to `ht'.

<./figs/example_frames/TUD-Stadtmitte-3.png, id=205, 191.5155pt x 142.73325pt>
File: ./figs/example_frames/TUD-Stadtmitte-3.png Graphic file (type png)
<use ./figs/example_frames/TUD-Stadtmitte-3.png>
Package pdftex.def Info: ./figs/example_frames/TUD-Stadtmitte-3.png  used on in
put line 459.
(pdftex.def)             Requested size: 74.52539pt x 55.54376pt.
<./figs/example_frames/TUD-Stadtmitte-5.png, id=206, 191.5155pt x 142.73325pt>
File: ./figs/example_frames/TUD-Stadtmitte-5.png Graphic file (type png)
<use ./figs/example_frames/TUD-Stadtmitte-5.png>
Package pdftex.def Info: ./figs/example_frames/TUD-Stadtmitte-5.png  used on in
put line 460.
(pdftex.def)             Requested size: 74.52539pt x 55.54376pt.
<./figs/example_frames/TUD-Stadtmitte-13.png, id=207, 191.5155pt x 142.73325pt>

File: ./figs/example_frames/TUD-Stadtmitte-13.png Graphic file (type png)
<use ./figs/example_frames/TUD-Stadtmitte-13.png>
Package pdftex.def Info: ./figs/example_frames/TUD-Stadtmitte-13.png  used on i
nput line 461.
(pdftex.def)             Requested size: 74.52539pt x 55.54376pt.
<./figs/example_frames/TUD-Stadtmitte-18.png, id=208, 191.5155pt x 142.73325pt>

File: ./figs/example_frames/TUD-Stadtmitte-18.png Graphic file (type png)
<use ./figs/example_frames/TUD-Stadtmitte-18.png>
Package pdftex.def Info: ./figs/example_frames/TUD-Stadtmitte-18.png  used on i
nput line 462.
(pdftex.def)             Requested size: 74.52539pt x 55.54376pt.
<./figs/example_frames/TUD-Stadtmitte-24.png, id=209, 191.5155pt x 142.73325pt>

File: ./figs/example_frames/TUD-Stadtmitte-24.png Graphic file (type png)
<use ./figs/example_frames/TUD-Stadtmitte-24.png>
Package pdftex.def Info: ./figs/example_frames/TUD-Stadtmitte-24.png  used on i
nput line 463.
(pdftex.def)             Requested size: 74.52539pt x 55.54376pt.
<./figs/example_frames/TUD-Stadtmitte-33.png, id=210, 191.5155pt x 142.73325pt>

File: ./figs/example_frames/TUD-Stadtmitte-33.png Graphic file (type png)
<use ./figs/example_frames/TUD-Stadtmitte-33.png>
Package pdftex.def Info: ./figs/example_frames/TUD-Stadtmitte-33.png  used on i
nput line 464.
(pdftex.def)             Requested size: 74.52539pt x 55.54376pt.

LaTeX Warning: `h' float specifier changed to `ht'.

[7]
Underfull \hbox (badness 1383) in paragraph at lines 485--491
[]\OT1/ptm/m/n/10 Table []3[] shows the re-sults on the 2015 MOTChal-
 []


Underfull \hbox (badness 1590) in paragraph at lines 485--491
\OT1/ptm/m/n/10 lenge dataset [[]], eval-u-ated us-ing the py-motmetrics
 []


Underfull \hbox (badness 1117) in paragraph at lines 485--491
\OT1/ptm/m/n/10 li-brary [[]]. These re-sults are ex-tremely com-pet-i-tive
 []


Underfull \hbox (badness 1009) in paragraph at lines 496--503
\OT1/ptm/m/n/10 pu-ta-tion into 3 stages. Us-ing the []Chrome JavaScript
 []


Underfull \vbox (badness 10000) has occurred while \output is active []


Underfull \vbox (badness 10000) has occurred while \output is active []

 [8 <./figs/example_frames/TUD-Stadtmitte-3.png> <./figs/example_frames/TUD-Sta
dtmitte-5.png> <./figs/example_frames/TUD-Stadtmitte-13.png> <./figs/example_fr
ames/TUD-Stadtmitte-18.png> <./figs/example_frames/TUD-Stadtmitte-24.png> <./fi
gs/example_frames/TUD-Stadtmitte-33.png>]
Underfull \hbox (badness 7221) in paragraph at lines 533--535
[]\OT1/ptm/b/n/10 Consistent Size \OT1/ptm/m/n/10 - This as-sump-tion is used b
y
 []

(./report.bbl
Underfull \hbox (badness 1014) in paragraph at lines 9--14
\OT1/ptm/m/n/9 ti-ple ob-ject track-ing per-for-mance: The clear mot met-
 []


Underfull \hbox (badness 2205) in paragraph at lines 29--33
\OT1/ptm/m/n/9 Shi, Daniel Cre-mers, Ian Reid, Ste-fan Roth, Kon-rad
 []

[9]
Underfull \hbox (badness 4765) in paragraph at lines 53--57
[]\OT1/ptm/m/n/9 Rohit Gird-har, Geor-gia Gkioxari, Lorenzo Tor-re-sani,
 []


Underfull \hbox (badness 2707) in paragraph at lines 97--101
\OT1/ptm/m/n/9 Kon-rad Schindler, and Ian D. Reid.  On-line multi-
 []


Underfull \hbox (badness 1072) in paragraph at lines 137--143
[]\OT1/ptm/m/n/9 Daniel Smilkov, Nikhil Tho-rat, Yan-nick As-sogba, Ann
 []

)
Package atveryend Info: Empty hook `BeforeClearDocument' on input line 562.
 [10]
Package atveryend Info: Empty hook `AfterLastShipout' on input line 562.
 (./report.aux)
Package atveryend Info: Executing hook `AtVeryEndDocument' on input line 562.
Package atveryend Info: Empty hook `AtEndAfterFileList' on input line 562.


LaTeX Warning: There were multiply-defined labels.

Package atveryend Info: Empty hook `AtVeryVeryEnd' on input line 562.
 ) 
Here is how much of TeX's memory you used:
 7677 strings out of 492616
 116287 string characters out of 6129482
 226307 words of memory out of 5000000
 11377 multiletter control sequences out of 15000+600000
 30173 words of font info for 73 fonts, out of 8000000 for 9000
 1141 hyphenation exceptions out of 8191
 44i,11n,49p,1249b,465s stack positions out of 5000i,500n,10000p,200000b,80000s
{/usr/local/texlive/2019/texmf-dist/fonts/enc/dvips/base/8r.enc}</usr/local/t
exlive/2019/texmf-dist/fonts/type1/public/amsfonts/cm/cmex10.pfb></usr/local/te
xlive/2019/texmf-dist/fonts/type1/public/amsfonts/cm/cmmi10.pfb></usr/local/tex
live/2019/texmf-dist/fonts/type1/public/amsfonts/cm/cmmi7.pfb></usr/local/texli
ve/2019/texmf-dist/fonts/type1/public/amsfonts/cm/cmr10.pfb></usr/local/texlive
/2019/texmf-dist/fonts/type1/public/amsfonts/cm/cmr7.pfb></usr/local/texlive/20
19/texmf-dist/fonts/type1/public/amsfonts/cm/cmsy10.pfb></usr/local/texlive/201
9/texmf-dist/fonts/type1/public/amsfonts/cm/cmsy7.pfb></usr/local/texlive/2019/
texmf-dist/fonts/type1/public/amsfonts/symbols/msam10.pfb></usr/local/texlive/2
019/texmf-dist/fonts/type1/public/amsfonts/symbols/msbm10.pfb></usr/local/texli
ve/2019/texmf-dist/fonts/type1/urw/courier/ucrr8a.pfb></usr/local/texlive/2019/
texmf-dist/fonts/type1/urw/times/utmb8a.pfb></usr/local/texlive/2019/texmf-dist
/fonts/type1/urw/times/utmr8a.pfb></usr/local/texlive/2019/texmf-dist/fonts/typ
e1/urw/times/utmri8a.pfb>
Output written on report.pdf (10 pages, 1139574 bytes).
PDF statistics:
 335 PDF objects out of 1000 (max. 8388607)
 287 compressed objects within 3 object streams
 95 named destinations out of 1000 (max. 500000)
 46 words of extra memory for PDF output out of 10000 (max. 10000000)

